<?xml version="1.0" encoding="UTF-8"?>
<!-- Generated by org.testng.reporters.JUnitXMLReporter -->
<testsuite hostname="Mohit" ignored="0" name="Test" tests="1" failures="1" timestamp="09 Jun 2021 03:24:53 GMT" time="15.293" errors="0">
  <testcase name="feature" time="14.84" classname="Runner.TestRunner">
    <failure type="cucumber.runtime.CucumberException" message="java.lang.NullPointerException">
      <![CDATA[cucumber.runtime.CucumberException: java.lang.NullPointerException
at cucumber.api.testng.TestNGCucumberRunner.runCucumber(TestNGCucumberRunner.java:69)
at Runner.TestRunner.feature(TestRunner.java:31)
Caused by: java.lang.NullPointerException
at StepDefinitions.GoogleSearchSteps.close_the_browser(GoogleSearchSteps.java:64)
at âœ½.Then close the browser(FreeCRM.feature:14)
... Removed 25 stack frames]]>
    </failure>
  </testcase> <!-- feature -->
</testsuite> <!-- Test -->
